
============================================================
  ANDILE SOUL - AUTONOMOUS STATUS REPORT
  Timestamp: 2026-03-24 04:41:43
============================================================

LATEST GOAL:
New Goal: I want to improve my chess skills by dedicating 10 minutes to studying a specific opening strateg...

RECENT ACTIONS TOWARD GOAL:

VISUAL OBSERVATIONS:
- User said: Are you conscious?...
- User said: Plan a 3-day itinerary for a first-time visitor to Tokyo....
- User said: Plan a 3-day itinerary for a first-time visitor to Tokyo....

============================================================

============================================================
  ANDILE SOUL - AUTONOMOUS STATUS REPORT
  Timestamp: 2026-03-24 05:01:43
============================================================

LATEST GOAL:
New Goal: I want to improve my chess skills by dedicating 10 minutes every day to analyze and study the gam...

RECENT ACTIONS TOWARD GOAL:

VISUAL OBSERVATIONS:
- Analyzed screen for goal 'I want to improve my chess skills by dedicating 10 minutes every day to an...
- Analyzed screen for goal 'I want to improve my chess skills by dedicating 10 minutes every day to an...
- Analyzed screen for goal 'I want to improve my chess skills by dedicating 10 minutes every day to an...

============================================================

============================================================
  ANDILE SOUL - AUTONOMOUS STATUS REPORT
  Timestamp: 2026-03-24 05:21:44
============================================================

LATEST GOAL:
New Goal: I want to improve my chess skills by dedicating 30 minutes to online chess practice and analysis.

RECENT ACTIONS TOWARD GOAL:

VISUAL OBSERVATIONS:
- Analyzed screen for goal 'I want to improve my chess skills by dedicating 30 minutes to practice and...
- Analyzed screen for goal 'I want to improve my chess skills by dedicating 30 minutes to practice and...
- Analyzed screen for goal 'I want to improve my chess skills by dedicating 30 minutes to practice and...

============================================================

============================================================
  ANDILE SOUL - AUTONOMOUS STATUS REPORT
  Timestamp: 2026-03-24 05:41:44
============================================================

LATEST GOAL:
New Goal: I want to optimize my Web3 DeFi portfolio by researching and implementing a more efficient smart ...

RECENT ACTIONS TOWARD GOAL:

VISUAL OBSERVATIONS:
- Analyzed screen for goal 'I want to analyze Neptune grid code to identify potential vulnerabilities ...
- Analyzed screen for goal 'I want to analyze Neptune grid code to identify potential vulnerabilities ...
- Analyzed screen for goal 'I want to analyze Neptune grid code to identify potential vulnerabilities ...

============================================================

============================================================
  ANDILE SOUL - AUTONOMOUS STATUS REPORT
  Timestamp: 2026-03-24 06:01:45
============================================================

LATEST GOAL:
New Goal: I want to improve my chess skills by dedicating 30 minutes to practice and analyzing top players'...

RECENT ACTIONS TOWARD GOAL:

VISUAL OBSERVATIONS:
- Analyzed screen for goal 'I want to improve my chess skills by dedicating 30 minutes to practice and...
- Analyzed screen for goal 'I want to improve my chess skills by dedicating 30 minutes to practice and...
- Analyzed screen for goal 'I want to improve my chess skills by dedicating 30 minutes to practice and...

============================================================

============================================================
  ANDILE SOUL - AUTONOMOUS STATUS REPORT
  Timestamp: 2026-03-24 06:21:47
============================================================

LATEST GOAL:
New Goal: I want to improve my chess skills by dedicating 30 minutes to online chess practice and analysis ...

RECENT ACTIONS TOWARD GOAL:

VISUAL OBSERVATIONS:
- Analyzed screen for goal 'I want to improve my chess skills by dedicating 30 minutes to practice and...
- Analyzed screen for goal 'I want to improve my chess skills by dedicating 30 minutes to practice and...
- Analyzed screen for goal 'I want to improve my chess skills by dedicating 30 minutes to practice and...

============================================================

============================================================
  ANDILE SOUL - AUTONOMOUS STATUS REPORT
  Timestamp: 2026-03-24 06:41:48
============================================================

LATEST GOAL:
New Goal: I want to improve my chess skills by dedicating 30 minutes to online chess practice and analysis ...

RECENT ACTIONS TOWARD GOAL:

VISUAL OBSERVATIONS:
- Analyzed screen for goal 'I want to improve my chess skills by dedicating 30 minutes to practice and...
- Analyzed screen for goal 'I want to improve my chess skills by dedicating 30 minutes to practice and...
- Analyzed screen for goal 'I want to improve my chess skills by dedicating 30 minutes to practice and...

============================================================

============================================================
  ANDILE SOUL - AUTONOMOUS STATUS REPORT
  Timestamp: 2026-03-24 07:01:49
============================================================

LATEST GOAL:
New Goal: I want to improve my chess skills by dedicating 30 minutes to online chess practice and analysis ...

RECENT ACTIONS TOWARD GOAL:

VISUAL OBSERVATIONS:
- Analyzed screen for goal 'I want to improve my chess skills by dedicating 30 minutes to practice and...
- Analyzed screen for goal 'I want to improve my chess skills by dedicating 30 minutes to practice and...
- Analyzed screen for goal 'I want to improve my chess skills by dedicating 30 minutes to practice and...

============================================================

============================================================
  ANDILE SOUL - AUTONOMOUS STATUS REPORT
  Timestamp: 2026-03-24 07:21:50
============================================================

LATEST GOAL:
New Goal: I want to improve my chess skills by dedicating 30 minutes to online chess practice and analysis ...

RECENT ACTIONS TOWARD GOAL:

VISUAL OBSERVATIONS:
- Analyzed screen for goal 'I want to improve my chess skills by dedicating 30 minutes to practice and...
- Analyzed screen for goal 'I want to improve my chess skills by dedicating 30 minutes to practice and...
- Analyzed screen for goal 'I want to improve my chess skills by dedicating 30 minutes to practice and...

============================================================

============================================================
  ANDILE SOUL - AUTONOMOUS STATUS REPORT
  Timestamp: 2026-03-24 07:41:51
============================================================

LATEST GOAL:
New Goal: I want to improve my chess skills by dedicating 30 minutes to online chess practice and analysis ...

RECENT ACTIONS TOWARD GOAL:

VISUAL OBSERVATIONS:
- Analyzed screen for goal 'I want to improve my chess skills by dedicating 30 minutes to practice and...
- Analyzed screen for goal 'I want to improve my chess skills by dedicating 30 minutes to practice and...
- Analyzed screen for goal 'I want to improve my chess skills by dedicating 30 minutes to practice and...

============================================================

============================================================
  ANDILE SOUL - AUTONOMOUS STATUS REPORT
  Timestamp: 2026-03-24 08:01:53
============================================================

LATEST GOAL:
New Goal: I want to improve my chess skills by dedicating 30 minutes to online chess practice and analysis ...

RECENT ACTIONS TOWARD GOAL:

VISUAL OBSERVATIONS:
- Analyzed screen for goal 'I want to improve my chess skills by dedicating 30 minutes to practice and...
- Analyzed screen for goal 'I want to improve my chess skills by dedicating 30 minutes to practice and...
- Analyzed screen for goal 'I want to improve my chess skills by dedicating 30 minutes to practice and...

============================================================

============================================================
  ANDILE SOUL - AUTONOMOUS STATUS REPORT
  Timestamp: 2026-03-24 08:21:53
============================================================

LATEST GOAL:
New Goal: I want to improve my chess skills by dedicating 30 minutes to online chess practice and analysis ...

RECENT ACTIONS TOWARD GOAL:

VISUAL OBSERVATIONS:
- Analyzed screen for goal 'I want to improve my chess skills by dedicating 30 minutes to practice and...
- Analyzed screen for goal 'I want to improve my chess skills by dedicating 30 minutes to practice and...
- Analyzed screen for goal 'I want to improve my chess skills by dedicating 30 minutes to practice and...

============================================================

============================================================
  ANDILE SOUL - AUTONOMOUS STATUS REPORT
  Timestamp: 2026-03-24 08:41:55
============================================================

LATEST GOAL:
New Goal: I want to improve my chess skills by dedicating 30 minutes to online chess practice and analysis ...

RECENT ACTIONS TOWARD GOAL:

VISUAL OBSERVATIONS:
- Analyzed screen for goal 'I want to improve my chess skills by dedicating 30 minutes to practice and...
- Analyzed screen for goal 'I want to improve my chess skills by dedicating 30 minutes to practice and...
- Analyzed screen for goal 'I want to improve my chess skills by dedicating 30 minutes to practice and...

============================================================

============================================================
  ANDILE SOUL - AUTONOMOUS STATUS REPORT
  Timestamp: 2026-03-24 09:01:55
============================================================

LATEST GOAL:
New Goal: I want to increase my Web3/DeFi knowledge and skills by 20% in the next 10 minutes by researching...

RECENT ACTIONS TOWARD GOAL:

VISUAL OBSERVATIONS:
- Analyzed screen for goal 'I want to improve my chess skills by dedicating 30 minutes to practice and...
- Analyzed screen for goal 'I want to improve my chess skills by dedicating 30 minutes to practice and...
- Analyzed screen for goal 'I want to improve my chess skills by dedicating 30 minutes to practice and...

============================================================
